<?xml version="1.0" encoding="utf-8"?><testsuites name="pytest tests"><testsuite name="pytest" errors="0" failures="3" skipped="0" tests="34" time="8.904" timestamp="2026-07-28T06:27:45.952068+00:00" hostname="agent-env-f8b2e1d9-159d-448c-bb7f-6813bb0d54c6"><testcase classname="backend.tests.test_bikefriends" name="test_health" time="0.123" /><testcase classname="backend.tests.test_bikefriends" name="test_login_success" time="0.269" /><testcase classname="backend.tests.test_bikefriends" name="test_login_bad_password" time="0.266" /><testcase classname="backend.tests.test_bikefriends" name="test_signup_and_duplicate" time="0.313" /><testcase classname="backend.tests.test_bikefriends" name="test_me_and_patch" time="0.406" /><testcase classname="backend.tests.test_bikefriends" name="test_me_no_token" time="0.045" /><testcase classname="backend.tests.test_bikefriends" name="test_friends_list_has_three" time="0.048" /><testcase classname="backend.tests.test_bikefriends" name="test_friends_search_maria" time="0.047" /><testcase classname="backend.tests.test_bikefriends" name="test_friend_request_duplicate_returns_409" time="0.051" /><testcase classname="backend.tests.test_bikefriends" name="test_ride_solo_start_and_end" time="0.092"><failure message="AssertionError: assert ({'id': 'd09426d4-e4c2-4641-975d-2486d8c11aa2', 'ride_id': '890a8409-cb96-41cd-9ed4-d8c065c94e46', 'rider': {'id': '52acfae3-f76b-4f43-b34d-2bf8e6686259', 'email': 'rider@bike.com', 'username': 'throttle', 'display_name': 'Alex Rider', ...}, 'title': 'Live Test', ...} and 'd09426d4-e4c...-2486d8c11aa2' == 'a8bcc416-452...-5b532937a1ac'&#10; +  where {'id': 'd09426d4-e4c2-4641-975d-2486d8c11aa2', 'ride_id': '890a8409-cb96-41cd-9ed4-d8c065c94e46', 'rider': {'id': '52acfae3-f76b-4f43-b34d-2bf8e6686259', 'email': 'rider@bike.com', 'username': 'throttle', 'display_name': 'Alex Rider', ...}, 'title': 'Live Test', ...} = json()&#10; +    where json = &lt;Response [200]&gt;.json&#10;  &#10;  - a8bcc416-4522-4a61-b7b5-5b532937a1ac&#10;  + d09426d4-e4c2-4641-975d-2486d8c11aa2)">backend/tests/test_bikefriends.py:133: in test_ride_solo_start_and_end
    assert r2.json() and r2.json()["id"] == sid
E   AssertionError: assert ({'id': 'd09426d4-e4c2-4641-975d-2486d8c11aa2', 'ride_id': '890a8409-cb96-41cd-9ed4-d8c065c94e46', 'rider': {'id': '52acfae3-f76b-4f43-b34d-2bf8e6686259', 'email': 'rider@bike.com', 'username': 'throttle', 'display_name': 'Alex Rider', ...}, 'title': 'Live Test', ...} and 'd09426d4-e4c...-2486d8c11aa2' == 'a8bcc416-452...-5b532937a1ac'
E    +  where {'id': 'd09426d4-e4c2-4641-975d-2486d8c11aa2', 'ride_id': '890a8409-cb96-41cd-9ed4-d8c065c94e46', 'rider': {'id': '52acfae3-f76b-4f43-b34d-2bf8e6686259', 'email': 'rider@bike.com', 'username': 'throttle', 'display_name': 'Alex Rider', ...}, 'title': 'Live Test', ...} = json()
E    +    where json = &lt;Response [200]&gt;.json
E     
E     - a8bcc416-4522-4a61-b7b5-5b532937a1ac
E     + d09426d4-e4c2-4641-975d-2486d8c11aa2)</failure></testcase><testcase classname="backend.tests.test_bikefriends" name="test_ride_group_mints_livekit_room" time="0.101" /><testcase classname="backend.tests.test_bikefriends" name="test_rides_mine_returns_seeded" time="0.046" /><testcase classname="backend.tests.test_bikefriends" name="test_live_status_upsert_and_friends" time="0.454" /><testcase classname="backend.tests.test_bikefriends" name="test_leaderboard_scopes[all]" time="0.046" /><testcase classname="backend.tests.test_bikefriends" name="test_leaderboard_scopes[week]" time="0.046" /><testcase classname="backend.tests.test_bikefriends" name="test_leaderboard_scopes[month]" time="0.048" /><testcase classname="backend.tests.test_bikefriends" name="test_livekit_token_mocked" time="0.047" /><testcase classname="backend.tests.test_bikefriends" name="test_group_recap_sunset_cruise" time="0.108"><failure message="assert 4 == 3">backend/tests/test_bikefriends.py:256: in test_group_recap_sunset_cruise
    assert body["total_riders"] == 3
E   assert 4 == 3</failure></testcase><testcase classname="backend.tests.test_bikefriends" name="test_group_recap_non_participant_403" time="0.317" /><testcase classname="backend.tests.test_bikefriends" name="test_group_invite_more_flow" time="0.230" /><testcase classname="backend.tests.test_bikefriends" name="test_group_invite_403_when_not_joined" time="0.408" /><testcase classname="backend.tests.test_bikefriends" name="test_group_start_ride_idempotent_and_keeps_group_active" time="0.293" /><testcase classname="backend.tests.test_bikefriends" name="test_group_start_ride_403_when_not_joined" time="0.422" /><testcase classname="backend.tests.test_bikefriends" name="test_ws_audio_relayed_to_others_not_sender" time="1.945" /><testcase classname="backend.tests.test_bikefriends" name="test_ws_mute_and_speaking_broadcast" time="1.381" /><testcase classname="backend.tests.test_iteration3.TestLivePositions" name="test_participant_gets_positions" time="0.401"><failure message="AssertionError: expected 3 live riders, got 2: [{'rider': {'id': '94534834-d90e-45a0-8e95-94d77f6b45ed', 'email': 'maria@bike.com', 'username': 'maria_moto', 'display_name': 'Maria Vega', 'bike_model': 'Ducati Monster', 'avatar_url': None, 'created_at': '2026-07-22T09:07:30.518042+00:00'}, 'lat': 37.7809, 'lng': -122.4113, 'speed_kmh': 58.0, 'is_on_comms': True, 'updated_at': '2026-07-28T06:24:39.722951+00:00'}, {'rider': {'id': 'c7c512a5-8759-4af6-b6aa-8a595af27893', 'email': 'jay@bike.com', 'username': 'jay_speed', 'display_name': 'Jay Kim', 'bike_model': 'Yamaha MT-09', 'avatar_url': None, 'created_at': '2026-07-22T09:07:30.740232+00:00'}, 'lat': 37.769, 'lng': -122.426, 'speed_kmh': 95.0, 'is_on_comms': False, 'updated_at': '2026-07-28T06:24:08.365142+00:00'}]&#10;assert 2 == 3&#10; +  where 2 = len([{'rider': {'id': '94534834-d90e-45a0-8e95-94d77f6b45ed', 'email': 'maria@bike.com', 'username': 'maria_moto', 'display_name': 'Maria Vega', ...}, 'lat': 37.7809, 'lng': -122.4113, 'speed_kmh': 58.0, ...}, {'rider': {'id': 'c7c512a5-8759-4af6-b6aa-8a595af27893', 'email': 'jay@bike.com', 'username': 'jay_speed', 'display_name': 'Jay Kim', ...}, 'lat': 37.769, 'lng': -122.426, 'speed_kmh': 95.0, ...}])">backend/tests/test_iteration3.py:55: in test_participant_gets_positions
    assert len(data) == 3, f"expected 3 live riders, got {len(data)}: {data}"
E   AssertionError: expected 3 live riders, got 2: [{'rider': {'id': '94534834-d90e-45a0-8e95-94d77f6b45ed', 'email': 'maria@bike.com', 'username': 'maria_moto', 'display_name': 'Maria Vega', 'bike_model': 'Ducati Monster', 'avatar_url': None, 'created_at': '2026-07-22T09:07:30.518042+00:00'}, 'lat': 37.7809, 'lng': -122.4113, 'speed_kmh': 58.0, 'is_on_comms': True, 'updated_at': '2026-07-28T06:24:39.722951+00:00'}, {'rider': {'id': 'c7c512a5-8759-4af6-b6aa-8a595af27893', 'email': 'jay@bike.com', 'username': 'jay_speed', 'display_name': 'Jay Kim', 'bike_model': 'Yamaha MT-09', 'avatar_url': None, 'created_at': '2026-07-22T09:07:30.740232+00:00'}, 'lat': 37.769, 'lng': -122.426, 'speed_kmh': 95.0, 'is_on_comms': False, 'updated_at': '2026-07-28T06:24:08.365142+00:00'}]
E   assert 2 == 3
E    +  where 2 = len([{'rider': {'id': '94534834-d90e-45a0-8e95-94d77f6b45ed', 'email': 'maria@bike.com', 'username': 'maria_moto', 'display_name': 'Maria Vega', ...}, 'lat': 37.7809, 'lng': -122.4113, 'speed_kmh': 58.0, ...}, {'rider': {'id': 'c7c512a5-8759-4af6-b6aa-8a595af27893', 'email': 'jay@bike.com', 'username': 'jay_speed', 'display_name': 'Jay Kim', ...}, 'lat': 37.769, 'lng': -122.426, 'speed_kmh': 95.0, ...}])</failure></testcase><testcase classname="backend.tests.test_iteration3.TestLivePositions" name="test_non_participant_403" time="0.310" /><testcase classname="backend.tests.test_iteration3.TestLivePositions" name="test_requires_auth" time="0.044" /><testcase classname="backend.tests.test_iteration3.TestLivePositions" name="test_nonexistent_ride_403" time="0.046" /><testcase classname="backend.tests.test_iteration3.TestRegisterPush" name="test_requires_auth" time="0.046" /><testcase classname="backend.tests.test_iteration3.TestRegisterPush" name="test_placeholder_key_returns_500" time="0.094" /><testcase classname="backend.tests.test_iteration3.TestRegisterPush" name="test_missing_body_422" time="0.048" /><testcase classname="backend.tests.test_iteration3.TestPushSideEffects" name="test_create_group_returns_200_despite_push_failure" time="0.106" /><testcase classname="backend.tests.test_iteration3.TestPushSideEffects" name="test_invite_more_returns_200_despite_push_failure" time="0.158" /></testsuite></testsuites>