<?xml version="1.0" encoding="utf-8"?><testsuites name="pytest tests"><testsuite name="pytest" errors="0" failures="0" skipped="0" tests="9" time="1.435" timestamp="2026-07-28T06:27:39.374769+00:00" hostname="agent-env-f8b2e1d9-159d-448c-bb7f-6813bb0d54c6"><testcase classname="backend.tests.test_iteration3.TestLivePositions" name="test_participant_gets_positions" time="0.504" /><testcase classname="backend.tests.test_iteration3.TestLivePositions" name="test_non_participant_403" time="0.305" /><testcase classname="backend.tests.test_iteration3.TestLivePositions" name="test_requires_auth" time="0.130" /><testcase classname="backend.tests.test_iteration3.TestLivePositions" name="test_nonexistent_ride_403" time="0.041" /><testcase classname="backend.tests.test_iteration3.TestRegisterPush" name="test_requires_auth" time="0.042" /><testcase classname="backend.tests.test_iteration3.TestRegisterPush" name="test_placeholder_key_returns_500" time="0.084" /><testcase classname="backend.tests.test_iteration3.TestRegisterPush" name="test_missing_body_422" time="0.041" /><testcase classname="backend.tests.test_iteration3.TestPushSideEffects" name="test_create_group_returns_200_despite_push_failure" time="0.095" /><testcase classname="backend.tests.test_iteration3.TestPushSideEffects" name="test_invite_more_returns_200_despite_push_failure" time="0.138" /></testsuite></testsuites>