<?xml version="1.0" encoding="utf-8"?><testsuites name="pytest tests"><testsuite name="pytest" errors="0" failures="0" skipped="0" tests="17" time="2.932" timestamp="2026-07-22T09:14:30.654773+00:00" hostname="agent-env-f8b2e1d9-159d-448c-bb7f-6813bb0d54c6"><testcase classname="backend.tests.test_bikefriends" name="test_health" time="0.277" /><testcase classname="backend.tests.test_bikefriends" name="test_login_success" time="0.267" /><testcase classname="backend.tests.test_bikefriends" name="test_login_bad_password" time="0.262" /><testcase classname="backend.tests.test_bikefriends" name="test_signup_and_duplicate" time="0.349" /><testcase classname="backend.tests.test_bikefriends" name="test_me_and_patch" time="0.390" /><testcase classname="backend.tests.test_bikefriends" name="test_me_no_token" time="0.040" /><testcase classname="backend.tests.test_bikefriends" name="test_friends_list_has_three" time="0.082" /><testcase classname="backend.tests.test_bikefriends" name="test_friends_search_maria" time="0.044" /><testcase classname="backend.tests.test_bikefriends" name="test_friend_request_duplicate_returns_409" time="0.042" /><testcase classname="backend.tests.test_bikefriends" name="test_ride_solo_start_and_end" time="0.212" /><testcase classname="backend.tests.test_bikefriends" name="test_ride_group_mints_livekit_room" time="0.163" /><testcase classname="backend.tests.test_bikefriends" name="test_rides_mine_returns_seeded" time="0.042" /><testcase classname="backend.tests.test_bikefriends" name="test_live_status_upsert_and_friends" time="0.515" /><testcase classname="backend.tests.test_bikefriends" name="test_leaderboard_scopes[all]" time="0.044" /><testcase classname="backend.tests.test_bikefriends" name="test_leaderboard_scopes[week]" time="0.044" /><testcase classname="backend.tests.test_bikefriends" name="test_leaderboard_scopes[month]" time="0.044" /><testcase classname="backend.tests.test_bikefriends" name="test_livekit_token_mocked" time="0.041" /></testsuite></testsuites>