<?xml version="1.0" encoding="utf-8"?><testsuites name="pytest tests"><testsuite name="pytest" errors="0" failures="0" skipped="0" tests="25" time="8.126" timestamp="2026-07-28T06:07:46.725664+00:00" hostname="agent-env-f8b2e1d9-159d-448c-bb7f-6813bb0d54c6"><testcase classname="backend.tests.test_bikefriends" name="test_health" time="0.265" /><testcase classname="backend.tests.test_bikefriends" name="test_login_success" time="0.266" /><testcase classname="backend.tests.test_bikefriends" name="test_login_bad_password" time="0.263" /><testcase classname="backend.tests.test_bikefriends" name="test_signup_and_duplicate" time="0.384" /><testcase classname="backend.tests.test_bikefriends" name="test_me_and_patch" time="0.390" /><testcase classname="backend.tests.test_bikefriends" name="test_me_no_token" time="0.040" /><testcase classname="backend.tests.test_bikefriends" name="test_friends_list_has_three" time="0.085" /><testcase classname="backend.tests.test_bikefriends" name="test_friends_search_maria" time="0.041" /><testcase classname="backend.tests.test_bikefriends" name="test_friend_request_duplicate_returns_409" time="0.039" /><testcase classname="backend.tests.test_bikefriends" name="test_ride_solo_start_and_end" time="0.216" /><testcase classname="backend.tests.test_bikefriends" name="test_ride_group_mints_livekit_room" time="0.085" /><testcase classname="backend.tests.test_bikefriends" name="test_rides_mine_returns_seeded" time="0.047" /><testcase classname="backend.tests.test_bikefriends" name="test_live_status_upsert_and_friends" time="0.505" /><testcase classname="backend.tests.test_bikefriends" name="test_leaderboard_scopes[all]" time="0.043" /><testcase classname="backend.tests.test_bikefriends" name="test_leaderboard_scopes[week]" time="0.041" /><testcase classname="backend.tests.test_bikefriends" name="test_leaderboard_scopes[month]" time="0.081" /><testcase classname="backend.tests.test_bikefriends" name="test_livekit_token_mocked" time="0.080" /><testcase classname="backend.tests.test_bikefriends" name="test_group_recap_sunset_cruise" time="0.132" /><testcase classname="backend.tests.test_bikefriends" name="test_group_recap_non_participant_403" time="0.341" /><testcase classname="backend.tests.test_bikefriends" name="test_group_invite_more_flow" time="0.165" /><testcase classname="backend.tests.test_bikefriends" name="test_group_invite_403_when_not_joined" time="0.462" /><testcase classname="backend.tests.test_bikefriends" name="test_group_start_ride_idempotent_and_keeps_group_active" time="0.250" /><testcase classname="backend.tests.test_bikefriends" name="test_group_start_ride_403_when_not_joined" time="0.461" /><testcase classname="backend.tests.test_bikefriends" name="test_ws_audio_relayed_to_others_not_sender" time="2.004" /><testcase classname="backend.tests.test_bikefriends" name="test_ws_mute_and_speaking_broadcast" time="1.381" /></testsuite></testsuites>